<?xml version="1.0" encoding="UTF-8"?>
<!-- Generated by org.testng.reporters.JUnitXMLReporter -->
<testsuite hostname="DESKTOP-JGL2LC1" ignored="0" name="chrometestcases(failed)" tests="1" failures="1" timestamp="2020-02-18T22:01:34 IST" time="28.301" errors="0">
  <testcase name="verifypageTitle" time="27.996" classname="testng.verifyTitle">
    <failure type="org.openqa.selenium.SessionNotCreatedException" message="session not created: This version of ChromeDriver only supports Chrome version 76
Build info: version: &amp;apos;3.13.0&amp;apos;, revision: &amp;apos;2f0d292&amp;apos;, time: &amp;apos;2018-06-25T15:32:14.902Z&amp;apos;
System info: host: &amp;apos;DESKTOP-JGL2LC1&amp;apos;, ip: &amp;apos;192.168.0.3&amp;apos;, os.name: &amp;apos;Windows 10&amp;apos;, os.arch: &amp;apos;amd64&amp;apos;, os.version: &amp;apos;10.0&amp;apos;, java.version: &amp;apos;1.8.0_231&amp;apos;
Driver info: driver.version: ChromeDriver
remote stacktrace: Backtrace:
	Ordinal0 [0x00FD7C53+1473619]
	Ordinal0 [0x00F5AD71+961905]
	Ordinal0 [0x00EE42B3+475827]
	Ordinal0 [0x00E7F365+62309]
	Ordinal0 [0x00E7BC77+48247]
	Ordinal0 [0x00E99149+168265]
	Ordinal0 [0x00E98D1D+167197]
	Ordinal0 [0x00E9742B+160811]
	Ordinal0 [0x00E80AE6+68326]
	Ordinal0 [0x00E81BF0+72688]
	Ordinal0 [0x00E81B89+72585]
	Ordinal0 [0x00F74B37+1067831]
	GetHandleVerifier [0x01076845+506677]
	GetHandleVerifier [0x010765E0+506064]
	GetHandleVerifier [0x0107D188+533624]
	GetHandleVerifier [0x0107701A+508682]
	Ordinal0 [0x00F6C226+1032742]
	Ordinal0 [0x00F6C09F+1032351]
	Ordinal0 [0x00F76A4B+1075787]
	Ordinal0 [0x00F76BB3+1076147]
	Ordinal0 [0x00F75B65+1071973]
	BaseThreadInitThunk [0x75A16359+25]
	RtlGetAppContainerNamedObjectPath [0x76F67B74+228]
	RtlGetAppContainerNamedObjectPath [0x76F67B44+180]
">
      <![CDATA[org.openqa.selenium.SessionNotCreatedException: session not created: This version of ChromeDriver only supports Chrome version 76
Build info: version: '3.13.0', revision: '2f0d292', time: '2018-06-25T15:32:14.902Z'
System info: host: 'DESKTOP-JGL2LC1', ip: '192.168.0.3', os.name: 'Windows 10', os.arch: 'amd64', os.version: '10.0', java.version: '1.8.0_231'
Driver info: driver.version: ChromeDriver
remote stacktrace: Backtrace:
Ordinal0 [0x00FD7C53+1473619]
Ordinal0 [0x00F5AD71+961905]
Ordinal0 [0x00EE42B3+475827]
Ordinal0 [0x00E7F365+62309]
Ordinal0 [0x00E7BC77+48247]
Ordinal0 [0x00E99149+168265]
Ordinal0 [0x00E98D1D+167197]
Ordinal0 [0x00E9742B+160811]
Ordinal0 [0x00E80AE6+68326]
Ordinal0 [0x00E81BF0+72688]
Ordinal0 [0x00E81B89+72585]
Ordinal0 [0x00F74B37+1067831]
GetHandleVerifier [0x01076845+506677]
GetHandleVerifier [0x010765E0+506064]
GetHandleVerifier [0x0107D188+533624]
GetHandleVerifier [0x0107701A+508682]
Ordinal0 [0x00F6C226+1032742]
Ordinal0 [0x00F6C09F+1032351]
Ordinal0 [0x00F76A4B+1075787]
Ordinal0 [0x00F76BB3+1076147]
Ordinal0 [0x00F75B65+1071973]
BaseThreadInitThunk [0x75A16359+25]
RtlGetAppContainerNamedObjectPath [0x76F67B74+228]
RtlGetAppContainerNamedObjectPath [0x76F67B44+180]

at org.openqa.selenium.remote.W3CHandshakeResponse.lambda$new$0(W3CHandshakeResponse.java:57)
at org.openqa.selenium.remote.W3CHandshakeResponse.lambda$getResponseFunction$2(W3CHandshakeResponse.java:104)
at org.openqa.selenium.remote.ProtocolHandshake.lambda$createSession$0(ProtocolHandshake.java:123)
at java.util.stream.ReferencePipeline$3$1.accept(ReferencePipeline.java:193)
at java.util.Spliterators$ArraySpliterator.tryAdvance(Spliterators.java:958)
at java.util.stream.ReferencePipeline.forEachWithCancel(ReferencePipeline.java:126)
at java.util.stream.AbstractPipeline.copyIntoWithCancel(AbstractPipeline.java:499)
at java.util.stream.AbstractPipeline.copyInto(AbstractPipeline.java:486)
at java.util.stream.AbstractPipeline.wrapAndCopyInto(AbstractPipeline.java:472)
at java.util.stream.FindOps$FindOp.evaluateSequential(FindOps.java:152)
at java.util.stream.AbstractPipeline.evaluate(AbstractPipeline.java:234)
at java.util.stream.ReferencePipeline.findFirst(ReferencePipeline.java:464)
at org.openqa.selenium.remote.ProtocolHandshake.createSession(ProtocolHandshake.java:126)
at org.openqa.selenium.remote.ProtocolHandshake.createSession(ProtocolHandshake.java:73)
at org.openqa.selenium.remote.HttpCommandExecutor.execute(HttpCommandExecutor.java:136)
at org.openqa.selenium.remote.service.DriverCommandExecutor.execute(DriverCommandExecutor.java:83)
at org.openqa.selenium.remote.RemoteWebDriver.execute(RemoteWebDriver.java:548)
at org.openqa.selenium.remote.RemoteWebDriver.startSession(RemoteWebDriver.java:212)
at org.openqa.selenium.remote.RemoteWebDriver.<init>(RemoteWebDriver.java:130)
at org.openqa.selenium.chrome.ChromeDriver.<init>(ChromeDriver.java:181)
at org.openqa.selenium.chrome.ChromeDriver.<init>(ChromeDriver.java:168)
at org.openqa.selenium.chrome.ChromeDriver.<init>(ChromeDriver.java:123)
at testng.verifyTitle.verifypageTitle(verifyTitle.java:22)
at java.util.ArrayList.forEach(ArrayList.java:1257)
... Removed 31 stack frames]]>
    </failure>
  </testcase> <!-- verifypageTitle -->
</testsuite> <!-- chrometestcases(failed) -->
