<?xml version="1.0" encoding="UTF-8"?>
<!-- Generated by org.testng.reporters.JUnitXMLReporter -->
<testsuite hostname="DESKTOP-JGL2LC1" ignored="0" name="Test" tests="2" failures="2" timestamp="2020-04-08T23:03:33 IST" time="5.599" errors="0">
  <testcase name="test1" time="5.389" classname="testng.Parallel">
    <failure type="org.openqa.selenium.SessionNotCreatedException" message="session not created: This version of ChromeDriver only supports Chrome version 78
Build info: version: &amp;apos;3.13.0&amp;apos;, revision: &amp;apos;2f0d292&amp;apos;, time: &amp;apos;2018-06-25T15:32:14.902Z&amp;apos;
System info: host: &amp;apos;DESKTOP-JGL2LC1&amp;apos;, ip: &amp;apos;192.168.0.5&amp;apos;, os.name: &amp;apos;Windows 10&amp;apos;, os.arch: &amp;apos;amd64&amp;apos;, os.version: &amp;apos;10.0&amp;apos;, java.version: &amp;apos;1.8.0_231&amp;apos;
Driver info: driver.version: ChromeDriver
remote stacktrace: Backtrace:
	Ordinal0 [0x0075A903+1550595]
	Ordinal0 [0x006DA701+1025793]
	Ordinal0 [0x0065C6E5+509669]
	Ordinal0 [0x005EFC68+64616]
	Ordinal0 [0x005EC594+50580]
	Ordinal0 [0x0060ACE7+175335]
	Ordinal0 [0x0060A8ED+174317]
	Ordinal0 [0x00608CDB+167131]
	Ordinal0 [0x005F144A+70730]
	Ordinal0 [0x005F24D0+74960]
	Ordinal0 [0x005F2469+74857]
	Ordinal0 [0x006F42C7+1131207]
	GetHandleVerifier [0x007F70FD+523789]
	GetHandleVerifier [0x007F6E90+523168]
	GetHandleVerifier [0x007FE1E7+552695]
	GetHandleVerifier [0x007F78FA+525834]
	Ordinal0 [0x006EB7FC+1095676]
	Ordinal0 [0x006F633B+1139515]
	Ordinal0 [0x006F64A3+1139875]
	Ordinal0 [0x006F5425+1135653]
	BaseThreadInitThunk [0x75BA6359+25]
	RtlGetAppContainerNamedObjectPath [0x77B77B74+228]
	RtlGetAppContainerNamedObjectPath [0x77B77B44+180]
">
      <![CDATA[org.openqa.selenium.SessionNotCreatedException: session not created: This version of ChromeDriver only supports Chrome version 78
Build info: version: '3.13.0', revision: '2f0d292', time: '2018-06-25T15:32:14.902Z'
System info: host: 'DESKTOP-JGL2LC1', ip: '192.168.0.5', os.name: 'Windows 10', os.arch: 'amd64', os.version: '10.0', java.version: '1.8.0_231'
Driver info: driver.version: ChromeDriver
remote stacktrace: Backtrace:
Ordinal0 [0x0075A903+1550595]
Ordinal0 [0x006DA701+1025793]
Ordinal0 [0x0065C6E5+509669]
Ordinal0 [0x005EFC68+64616]
Ordinal0 [0x005EC594+50580]
Ordinal0 [0x0060ACE7+175335]
Ordinal0 [0x0060A8ED+174317]
Ordinal0 [0x00608CDB+167131]
Ordinal0 [0x005F144A+70730]
Ordinal0 [0x005F24D0+74960]
Ordinal0 [0x005F2469+74857]
Ordinal0 [0x006F42C7+1131207]
GetHandleVerifier [0x007F70FD+523789]
GetHandleVerifier [0x007F6E90+523168]
GetHandleVerifier [0x007FE1E7+552695]
GetHandleVerifier [0x007F78FA+525834]
Ordinal0 [0x006EB7FC+1095676]
Ordinal0 [0x006F633B+1139515]
Ordinal0 [0x006F64A3+1139875]
Ordinal0 [0x006F5425+1135653]
BaseThreadInitThunk [0x75BA6359+25]
RtlGetAppContainerNamedObjectPath [0x77B77B74+228]
RtlGetAppContainerNamedObjectPath [0x77B77B44+180]

at org.openqa.selenium.remote.W3CHandshakeResponse.lambda$new$0(W3CHandshakeResponse.java:57)
at org.openqa.selenium.remote.W3CHandshakeResponse.lambda$getResponseFunction$2(W3CHandshakeResponse.java:104)
at org.openqa.selenium.remote.ProtocolHandshake.lambda$createSession$0(ProtocolHandshake.java:123)
at java.util.stream.ReferencePipeline$3$1.accept(ReferencePipeline.java:193)
at java.util.Spliterators$ArraySpliterator.tryAdvance(Spliterators.java:958)
at java.util.stream.ReferencePipeline.forEachWithCancel(ReferencePipeline.java:126)
at java.util.stream.AbstractPipeline.copyIntoWithCancel(AbstractPipeline.java:499)
at java.util.stream.AbstractPipeline.copyInto(AbstractPipeline.java:486)
at java.util.stream.AbstractPipeline.wrapAndCopyInto(AbstractPipeline.java:472)
at java.util.stream.FindOps$FindOp.evaluateSequential(FindOps.java:152)
at java.util.stream.AbstractPipeline.evaluate(AbstractPipeline.java:234)
at java.util.stream.ReferencePipeline.findFirst(ReferencePipeline.java:464)
at org.openqa.selenium.remote.ProtocolHandshake.createSession(ProtocolHandshake.java:126)
at org.openqa.selenium.remote.ProtocolHandshake.createSession(ProtocolHandshake.java:73)
at org.openqa.selenium.remote.HttpCommandExecutor.execute(HttpCommandExecutor.java:136)
at org.openqa.selenium.remote.service.DriverCommandExecutor.execute(DriverCommandExecutor.java:83)
at org.openqa.selenium.remote.RemoteWebDriver.execute(RemoteWebDriver.java:548)
at org.openqa.selenium.remote.RemoteWebDriver.startSession(RemoteWebDriver.java:212)
at org.openqa.selenium.remote.RemoteWebDriver.<init>(RemoteWebDriver.java:130)
at org.openqa.selenium.chrome.ChromeDriver.<init>(ChromeDriver.java:181)
at org.openqa.selenium.chrome.ChromeDriver.<init>(ChromeDriver.java:168)
at org.openqa.selenium.chrome.ChromeDriver.<init>(ChromeDriver.java:123)
at testng.Parallel.test1(Parallel.java:13)
at java.util.concurrent.ThreadPoolExecutor.runWorker(ThreadPoolExecutor.java:1149)
at java.util.concurrent.ThreadPoolExecutor$Worker.run(ThreadPoolExecutor.java:624)
at java.lang.Thread.run(Thread.java:748)
... Removed 16 stack frames]]>
    </failure>
  </testcase> <!-- test1 -->
  <testcase name="test2" time="5.432" classname="testng.Parallel">
    <failure type="org.openqa.selenium.SessionNotCreatedException" message="session not created: This version of ChromeDriver only supports Chrome version 78
Build info: version: &amp;apos;3.13.0&amp;apos;, revision: &amp;apos;2f0d292&amp;apos;, time: &amp;apos;2018-06-25T15:32:14.902Z&amp;apos;
System info: host: &amp;apos;DESKTOP-JGL2LC1&amp;apos;, ip: &amp;apos;192.168.0.5&amp;apos;, os.name: &amp;apos;Windows 10&amp;apos;, os.arch: &amp;apos;amd64&amp;apos;, os.version: &amp;apos;10.0&amp;apos;, java.version: &amp;apos;1.8.0_231&amp;apos;
Driver info: driver.version: ChromeDriver
remote stacktrace: Backtrace:
	Ordinal0 [0x0075A903+1550595]
	Ordinal0 [0x006DA701+1025793]
	Ordinal0 [0x0065C6E5+509669]
	Ordinal0 [0x005EFC68+64616]
	Ordinal0 [0x005EC594+50580]
	Ordinal0 [0x0060ACE7+175335]
	Ordinal0 [0x0060A8ED+174317]
	Ordinal0 [0x00608CDB+167131]
	Ordinal0 [0x005F144A+70730]
	Ordinal0 [0x005F24D0+74960]
	Ordinal0 [0x005F2469+74857]
	Ordinal0 [0x006F42C7+1131207]
	GetHandleVerifier [0x007F70FD+523789]
	GetHandleVerifier [0x007F6E90+523168]
	GetHandleVerifier [0x007FE1E7+552695]
	GetHandleVerifier [0x007F78FA+525834]
	Ordinal0 [0x006EB7FC+1095676]
	Ordinal0 [0x006F633B+1139515]
	Ordinal0 [0x006F64A3+1139875]
	Ordinal0 [0x006F5425+1135653]
	BaseThreadInitThunk [0x75BA6359+25]
	RtlGetAppContainerNamedObjectPath [0x77B77B74+228]
	RtlGetAppContainerNamedObjectPath [0x77B77B44+180]
">
      <![CDATA[org.openqa.selenium.SessionNotCreatedException: session not created: This version of ChromeDriver only supports Chrome version 78
Build info: version: '3.13.0', revision: '2f0d292', time: '2018-06-25T15:32:14.902Z'
System info: host: 'DESKTOP-JGL2LC1', ip: '192.168.0.5', os.name: 'Windows 10', os.arch: 'amd64', os.version: '10.0', java.version: '1.8.0_231'
Driver info: driver.version: ChromeDriver
remote stacktrace: Backtrace:
Ordinal0 [0x0075A903+1550595]
Ordinal0 [0x006DA701+1025793]
Ordinal0 [0x0065C6E5+509669]
Ordinal0 [0x005EFC68+64616]
Ordinal0 [0x005EC594+50580]
Ordinal0 [0x0060ACE7+175335]
Ordinal0 [0x0060A8ED+174317]
Ordinal0 [0x00608CDB+167131]
Ordinal0 [0x005F144A+70730]
Ordinal0 [0x005F24D0+74960]
Ordinal0 [0x005F2469+74857]
Ordinal0 [0x006F42C7+1131207]
GetHandleVerifier [0x007F70FD+523789]
GetHandleVerifier [0x007F6E90+523168]
GetHandleVerifier [0x007FE1E7+552695]
GetHandleVerifier [0x007F78FA+525834]
Ordinal0 [0x006EB7FC+1095676]
Ordinal0 [0x006F633B+1139515]
Ordinal0 [0x006F64A3+1139875]
Ordinal0 [0x006F5425+1135653]
BaseThreadInitThunk [0x75BA6359+25]
RtlGetAppContainerNamedObjectPath [0x77B77B74+228]
RtlGetAppContainerNamedObjectPath [0x77B77B44+180]

at org.openqa.selenium.remote.W3CHandshakeResponse.lambda$new$0(W3CHandshakeResponse.java:57)
at org.openqa.selenium.remote.W3CHandshakeResponse.lambda$getResponseFunction$2(W3CHandshakeResponse.java:104)
at org.openqa.selenium.remote.ProtocolHandshake.lambda$createSession$0(ProtocolHandshake.java:123)
at java.util.stream.ReferencePipeline$3$1.accept(ReferencePipeline.java:193)
at java.util.Spliterators$ArraySpliterator.tryAdvance(Spliterators.java:958)
at java.util.stream.ReferencePipeline.forEachWithCancel(ReferencePipeline.java:126)
at java.util.stream.AbstractPipeline.copyIntoWithCancel(AbstractPipeline.java:499)
at java.util.stream.AbstractPipeline.copyInto(AbstractPipeline.java:486)
at java.util.stream.AbstractPipeline.wrapAndCopyInto(AbstractPipeline.java:472)
at java.util.stream.FindOps$FindOp.evaluateSequential(FindOps.java:152)
at java.util.stream.AbstractPipeline.evaluate(AbstractPipeline.java:234)
at java.util.stream.ReferencePipeline.findFirst(ReferencePipeline.java:464)
at org.openqa.selenium.remote.ProtocolHandshake.createSession(ProtocolHandshake.java:126)
at org.openqa.selenium.remote.ProtocolHandshake.createSession(ProtocolHandshake.java:73)
at org.openqa.selenium.remote.HttpCommandExecutor.execute(HttpCommandExecutor.java:136)
at org.openqa.selenium.remote.service.DriverCommandExecutor.execute(DriverCommandExecutor.java:83)
at org.openqa.selenium.remote.RemoteWebDriver.execute(RemoteWebDriver.java:548)
at org.openqa.selenium.remote.RemoteWebDriver.startSession(RemoteWebDriver.java:212)
at org.openqa.selenium.remote.RemoteWebDriver.<init>(RemoteWebDriver.java:130)
at org.openqa.selenium.chrome.ChromeDriver.<init>(ChromeDriver.java:181)
at org.openqa.selenium.chrome.ChromeDriver.<init>(ChromeDriver.java:168)
at org.openqa.selenium.chrome.ChromeDriver.<init>(ChromeDriver.java:123)
at testng.Parallel.test2(Parallel.java:20)
at java.util.concurrent.ThreadPoolExecutor.runWorker(ThreadPoolExecutor.java:1149)
at java.util.concurrent.ThreadPoolExecutor$Worker.run(ThreadPoolExecutor.java:624)
at java.lang.Thread.run(Thread.java:748)
... Removed 16 stack frames]]>
    </failure>
  </testcase> <!-- test2 -->
</testsuite> <!-- Test -->
