<?xml version="1.0" encoding="UTF-8"?>
<!-- Generated by org.testng.reporters.JUnitReportReporter -->
<testsuite skipped="1" hostname="DESKTOP-JGL2LC1" name="testngAnnotation.Datadriven2" tests="4" failures="0" timestamp="2020-04-08T23:39:03 IST" time="64.322" errors="1">
  <testcase name="testData" time="17.233" classname="testngAnnotation.Datadriven2">
    <skipped/>
  </testcase> <!-- testData -->
  <testcase name="setup" time="42.923" classname="testngAnnotation.Datadriven2">
    <error type="org.openqa.selenium.SessionNotCreatedException" message="session not created
from chrome not reachable
  (Session info: chrome=80.0.3987.163)
Build info: version: &#039;3.13.0&#039;, revision: &#039;2f0d292&#039;, time: &#039;2018-06-25T15:32:14.902Z&#039;
System info: host: &#039;DESKTOP-JGL2LC1&#039;, ip: &#039;192.168.0.5&#039;, os.name: &#039;Windows 10&#039;, os.arch: &#039;amd64&#039;, os.version: &#039;10.0&#039;, java.version: &#039;1.8.0_231&#039;
Driver info: driver.version: ChromeDriver
remote stacktrace: Backtrace:
	Ordinal0 [0x00E00C83+1707139]
	Ordinal0 [0x00D668F1+1075441]
	Ordinal0 [0x00CDDE72+515698]
	Ordinal0 [0x00CD7CA8+490664]
	Ordinal0 [0x00CD839B+492443]
	Ordinal0 [0x00CD92F5+496373]
	Ordinal0 [0x00CD4F05+478981]
	Ordinal0 [0x00CDECA0+519328]
	Ordinal0 [0x00C8CA67+182887]
	Ordinal0 [0x00C8BDDD+179677]
	Ordinal0 [0x00C89D4B+171339]
	Ordinal0 [0x00C71D4A+73034]
	Ordinal0 [0x00C72DC0+77248]
	Ordinal0 [0x00C72D59+77145]
	Ordinal0 [0x00D7BB67+1162087]
	GetHandleVerifier [0x00E9A966+508998]
	GetHandleVerifier [0x00E9A6A4+508292]
	GetHandleVerifier [0x00EAF7B7+594583]
	GetHandleVerifier [0x00E9B1D6+511158]
	Ordinal0 [0x00D7402C+1130540]
	Ordinal0 [0x00D7D4CB+1168587]
	Ordinal0 [0x00D7D633+1168947]
	Ordinal0 [0x00D95B35+1268533]
	BaseThreadInitThunk [0x75BA6359+25]
	RtlGetAppContainerNamedObjectPath [0x77B77B74+228]
	RtlGetAppContainerNamedObjectPath [0x77B77B44+180]
">
      <![CDATA[org.openqa.selenium.SessionNotCreatedException: session not created
from chrome not reachable
  (Session info: chrome=80.0.3987.163)
Build info: version: '3.13.0', revision: '2f0d292', time: '2018-06-25T15:32:14.902Z'
System info: host: 'DESKTOP-JGL2LC1', ip: '192.168.0.5', os.name: 'Windows 10', os.arch: 'amd64', os.version: '10.0', java.version: '1.8.0_231'
Driver info: driver.version: ChromeDriver
remote stacktrace: Backtrace:
Ordinal0 [0x00E00C83+1707139]
Ordinal0 [0x00D668F1+1075441]
Ordinal0 [0x00CDDE72+515698]
Ordinal0 [0x00CD7CA8+490664]
Ordinal0 [0x00CD839B+492443]
Ordinal0 [0x00CD92F5+496373]
Ordinal0 [0x00CD4F05+478981]
Ordinal0 [0x00CDECA0+519328]
Ordinal0 [0x00C8CA67+182887]
Ordinal0 [0x00C8BDDD+179677]
Ordinal0 [0x00C89D4B+171339]
Ordinal0 [0x00C71D4A+73034]
Ordinal0 [0x00C72DC0+77248]
Ordinal0 [0x00C72D59+77145]
Ordinal0 [0x00D7BB67+1162087]
GetHandleVerifier [0x00E9A966+508998]
GetHandleVerifier [0x00E9A6A4+508292]
GetHandleVerifier [0x00EAF7B7+594583]
GetHandleVerifier [0x00E9B1D6+511158]
Ordinal0 [0x00D7402C+1130540]
Ordinal0 [0x00D7D4CB+1168587]
Ordinal0 [0x00D7D633+1168947]
Ordinal0 [0x00D95B35+1268533]
BaseThreadInitThunk [0x75BA6359+25]
RtlGetAppContainerNamedObjectPath [0x77B77B74+228]
RtlGetAppContainerNamedObjectPath [0x77B77B44+180]

at sun.reflect.NativeConstructorAccessorImpl.newInstance0(Native Method)
at sun.reflect.NativeConstructorAccessorImpl.newInstance(NativeConstructorAccessorImpl.java:62)
at sun.reflect.DelegatingConstructorAccessorImpl.newInstance(DelegatingConstructorAccessorImpl.java:45)
at java.lang.reflect.Constructor.newInstance(Constructor.java:423)
at org.openqa.selenium.remote.W3CHandshakeResponse.lambda$new$0(W3CHandshakeResponse.java:57)
at org.openqa.selenium.remote.W3CHandshakeResponse.lambda$getResponseFunction$2(W3CHandshakeResponse.java:104)
at org.openqa.selenium.remote.ProtocolHandshake.lambda$createSession$0(ProtocolHandshake.java:123)
at java.util.stream.ReferencePipeline$3$1.accept(ReferencePipeline.java:193)
at java.util.Spliterators$ArraySpliterator.tryAdvance(Spliterators.java:958)
at java.util.stream.ReferencePipeline.forEachWithCancel(ReferencePipeline.java:126)
at java.util.stream.AbstractPipeline.copyIntoWithCancel(AbstractPipeline.java:499)
at java.util.stream.AbstractPipeline.copyInto(AbstractPipeline.java:486)
at java.util.stream.AbstractPipeline.wrapAndCopyInto(AbstractPipeline.java:472)
at java.util.stream.FindOps$FindOp.evaluateSequential(FindOps.java:152)
at java.util.stream.AbstractPipeline.evaluate(AbstractPipeline.java:234)
at java.util.stream.ReferencePipeline.findFirst(ReferencePipeline.java:464)
at org.openqa.selenium.remote.ProtocolHandshake.createSession(ProtocolHandshake.java:126)
at org.openqa.selenium.remote.ProtocolHandshake.createSession(ProtocolHandshake.java:73)
at org.openqa.selenium.remote.HttpCommandExecutor.execute(HttpCommandExecutor.java:136)
at org.openqa.selenium.remote.service.DriverCommandExecutor.execute(DriverCommandExecutor.java:83)
at org.openqa.selenium.remote.RemoteWebDriver.execute(RemoteWebDriver.java:548)
at org.openqa.selenium.remote.RemoteWebDriver.startSession(RemoteWebDriver.java:212)
at org.openqa.selenium.remote.RemoteWebDriver.<init>(RemoteWebDriver.java:130)
at org.openqa.selenium.chrome.ChromeDriver.<init>(ChromeDriver.java:181)
at org.openqa.selenium.chrome.ChromeDriver.<init>(ChromeDriver.java:168)
at org.openqa.selenium.chrome.ChromeDriver.<init>(ChromeDriver.java:123)
at testngAnnotation.Datadriven2.setup(Datadriven2.java:18)
at sun.reflect.NativeMethodAccessorImpl.invoke0(Native Method)
at sun.reflect.NativeMethodAccessorImpl.invoke(NativeMethodAccessorImpl.java:62)
at sun.reflect.DelegatingMethodAccessorImpl.invoke(DelegatingMethodAccessorImpl.java:43)
at java.lang.reflect.Method.invoke(Method.java:498)
at org.testng.internal.MethodInvocationHelper.invokeMethod(MethodInvocationHelper.java:133)
at org.testng.internal.MethodInvocationHelper.invokeMethodConsideringTimeout(MethodInvocationHelper.java:62)
at org.testng.internal.ConfigInvoker.invokeConfigurationMethod(ConfigInvoker.java:340)
at org.testng.internal.ConfigInvoker.invokeConfigurations(ConfigInvoker.java:294)
at org.testng.internal.TestInvoker.runConfigMethods(TestInvoker.java:683)
at org.testng.internal.TestInvoker.invokeMethod(TestInvoker.java:510)
at org.testng.internal.TestInvoker.invokeTestMethod(TestInvoker.java:172)
at org.testng.internal.MethodRunner.runInSequence(MethodRunner.java:46)
at org.testng.internal.TestInvoker$MethodInvocationAgent.invoke(TestInvoker.java:804)
at org.testng.internal.TestInvoker.invokeTestMethods(TestInvoker.java:145)
at org.testng.internal.TestMethodWorker.invokeTestMethods(TestMethodWorker.java:146)
at org.testng.internal.TestMethodWorker.run(TestMethodWorker.java:128)
at java.util.ArrayList.forEach(ArrayList.java:1257)
at org.testng.TestRunner.privateRun(TestRunner.java:770)
at org.testng.TestRunner.run(TestRunner.java:591)
at org.testng.SuiteRunner.runTest(SuiteRunner.java:402)
at org.testng.SuiteRunner.runSequentially(SuiteRunner.java:396)
at org.testng.SuiteRunner.privateRun(SuiteRunner.java:355)
at org.testng.SuiteRunner.run(SuiteRunner.java:304)
at org.testng.SuiteRunnerWorker.runSuite(SuiteRunnerWorker.java:53)
at org.testng.SuiteRunnerWorker.run(SuiteRunnerWorker.java:96)
at org.testng.TestNG.runSuitesSequentially(TestNG.java:1180)
at org.testng.TestNG.runSuitesLocally(TestNG.java:1102)
at org.testng.TestNG.runSuites(TestNG.java:1032)
at org.testng.TestNG.run(TestNG.java:1000)
at org.testng.remote.AbstractRemoteTestNG.run(AbstractRemoteTestNG.java:115)
at org.testng.remote.RemoteTestNG.initAndRun(RemoteTestNG.java:251)
at org.testng.remote.RemoteTestNG.main(RemoteTestNG.java:77)
]]>
    </error>
  </testcase> <!-- setup -->
  <testcase name="testData" time="2.031" classname="testngAnnotation.Datadriven2"/>
  <testcase name="testData" time="2.135" classname="testngAnnotation.Datadriven2"/>
</testsuite> <!-- testngAnnotation.Datadriven2 -->
